Exporter version: 5.6.4, Blender version: 2.79 (sub 0)
========= Conversion from Blender to Babylon.js =========
	Scene settings used :
		export scope        :  ALL
		inline textures     :  false
		Positions Precision :  4
		Normals Precision   :  3
		UVs Precision       :  3
		Vert Color Precision:  3
		Mat Weight Precision:  2
		texture directory   :  C:\Users\Mark.quinn\Documents\github\Misc\
	Python World class constructor completed
	processing begun of mesh:  Cone001
		processing begun of Standard material:  14 - Default
			Diffuse texture found "Map #0.001"
				Image texture found, type:  diffuseTexture, mapped using: "UVChannel_1"
		num positions      :  423
		num normals        :  423
		num uvs            :  846
		num uvs2           :  0
		num colors         :  0
		num indices        :  588
		WARNING: # of 0 area faces found:  30
	processing begun of camera (UniversalCamera):  Camera
	processing begun of light (POINT):  Lamp
========= Writing of scene file started =========
========= Writing of scene file completed =========
========= end of processing =========
elapsed time:  0 min, 0.0401 secs
